{
  "RSpec": {
    "coverage": {
      "/Users/judithpillado/mod2/projects/paired_adopt_dont_shop_2005/config/environment.rb": {
        "lines": [
          null,
          1,
          null,
          null,
          1
        ]
      },
      "/Users/judithpillado/mod2/projects/paired_adopt_dont_shop_2005/config/application.rb": {
        "lines": [
          1,
          null,
          1,
          null,
          1,
          1,
          1,
          1,
          1,
          1,
          1,
          1,
          null,
          null,
          null,
          null,
          1,
          null,
          1,
          1,
          null,
          1,
          null,
          null,
          null,
          null,
          null,
          null,
          1,
          null,
          null
        ]
      },
      "/Users/judithpillado/mod2/projects/paired_adopt_dont_shop_2005/config/boot.rb": {
        "lines": [
          1,
          null,
          1
        ]
      },
      "/Users/judithpillado/mod2/projects/paired_adopt_dont_shop_2005/config/environments/test.rb": {
        "lines": [
          1,
          null,
          null,
          null,
          null,
          null,
          null,
          1,
          null,
          null,
          null,
          null,
          1,
          null,
          null,
          1,
          1,
          null,
          null,
          null,
          null,
          1,
          1,
          null,
          null,
          1,
          null,
          null,
          1,
          1,
          null,
          null,
          null,
          null,
          1,
          null,
          null,
          1,
          null,
          null,
          null,
          null
        ]
      },
      "/Users/judithpillado/mod2/projects/paired_adopt_dont_shop_2005/config/initializers/application_controller_renderer.rb": {
        "lines": [
          null,
          null,
          null,
          null,
          null,
          null,
          null,
          null
        ]
      },
      "/Users/judithpillado/mod2/projects/paired_adopt_dont_shop_2005/config/initializers/assets.rb": {
        "lines": [
          null,
          null,
          null,
          1,
          null,
          null,
          null,
          null,
          1,
          null,
          null,
          null,
          null,
          null
        ]
      },
      "/Users/judithpillado/mod2/projects/paired_adopt_dont_shop_2005/config/initializers/backtrace_silencers.rb": {
        "lines": [
          null,
          null,
          null,
          null,
          null,
          null,
          null
        ]
      },
      "/Users/judithpillado/mod2/projects/paired_adopt_dont_shop_2005/config/initializers/cookies_serializer.rb": {
        "lines": [
          null,
          null,
          null,
          null,
          1
        ]
      },
      "/Users/judithpillado/mod2/projects/paired_adopt_dont_shop_2005/config/initializers/filter_parameter_logging.rb": {
        "lines": [
          null,
          null,
          null,
          1
        ]
      },
      "/Users/judithpillado/mod2/projects/paired_adopt_dont_shop_2005/config/initializers/inflections.rb": {
        "lines": [
          null,
          null,
          null,
          null,
          null,
          null,
          null,
          null,
          null,
          null,
          null,
          null,
          null,
          null,
          null,
          null
        ]
      },
      "/Users/judithpillado/mod2/projects/paired_adopt_dont_shop_2005/config/initializers/mime_types.rb": {
        "lines": [
          null,
          null,
          null,
          null
        ]
      },
      "/Users/judithpillado/mod2/projects/paired_adopt_dont_shop_2005/config/initializers/wrap_parameters.rb": {
        "lines": [
          null,
          null,
          null,
          null,
          null,
          null,
          1,
          2,
          null,
          null,
          null,
          null,
          null,
          null
        ]
      },
      "/Users/judithpillado/mod2/projects/paired_adopt_dont_shop_2005/config/routes.rb": {
        "lines": [
          1,
          1,
          1,
          1,
          1,
          1,
          1,
          1,
          1,
          1,
          1,
          null,
          null,
          1,
          1,
          1,
          1,
          1,
          null,
          1,
          1,
          1,
          1,
          1,
          1,
          null,
          1,
          1,
          1,
          1,
          null,
          null
        ]
      },
      "/Users/judithpillado/mod2/projects/paired_adopt_dont_shop_2005/app/helpers/application_helper.rb": {
        "lines": [
          1,
          null
        ]
      },
      "/Users/judithpillado/mod2/projects/paired_adopt_dont_shop_2005/spec/features/favorites/destroy_spec.rb": {
        "lines": [
          1,
          1,
          1,
          1,
          1,
          1,
          1,
          1,
          1,
          1,
          1,
          1,
          1,
          2,
          null,
          null,
          null,
          null
        ]
      },
      "/Users/judithpillado/mod2/projects/paired_adopt_dont_shop_2005/app/models/shelter.rb": {
        "lines": [
          1,
          1,
          1,
          null
        ]
      },
      "/Users/judithpillado/mod2/projects/paired_adopt_dont_shop_2005/app/models/application_record.rb": {
        "lines": [
          1,
          1,
          null
        ]
      },
      "/Users/judithpillado/mod2/projects/paired_adopt_dont_shop_2005/app/models/pet.rb": {
        "lines": [
          1,
          1,
          1,
          null,
          null,
          null,
          null,
          null,
          null,
          null
        ]
      },
      "/Users/judithpillado/mod2/projects/paired_adopt_dont_shop_2005/app/models/favorite.rb": {
        "lines": [
          1,
          1,
          null
        ]
      },
      "/Users/judithpillado/mod2/projects/paired_adopt_dont_shop_2005/app/controllers/pets_controller.rb": {
        "lines": [
          1,
          1,
          0,
          null,
          null,
          1,
          2,
          null,
          null,
          1,
          0,
          null,
          null,
          1,
          0,
          0,
          0,
          null,
          null,
          1,
          0,
          null,
          null,
          1,
          0,
          0,
          0,
          null,
          null,
          1,
          0,
          0,
          null,
          null,
          1,
          1,
          0,
          null,
          null
        ]
      },
      "/Users/judithpillado/mod2/projects/paired_adopt_dont_shop_2005/app/controllers/application_controller.rb": {
        "lines": [
          1,
          1,
          1,
          null,
          1,
          3,
          null,
          null
        ]
      },
      "/Users/judithpillado/mod2/projects/paired_adopt_dont_shop_2005/app/controllers/favorites_controller.rb": {
        "lines": [
          1,
          1,
          0,
          null,
          null,
          1,
          null,
          null,
          1,
          0,
          0,
          0,
          0,
          0,
          null,
          null,
          null,
          1,
          1,
          1,
          1,
          1,
          null,
          null,
          null
        ]
      }
    },
    "timestamp": 1594340296
  }
}
